c:\users\keaton macleod\desktop\coding folder\c++\runningman\runningman\debug\vc140.pdb
c:\users\keaton macleod\desktop\coding folder\c++\runningman\runningman\debug\vc140.idb
c:\users\keaton macleod\desktop\coding folder\c++\runningman\runningman\debug\character.obj
c:\users\keaton macleod\desktop\coding folder\c++\runningman\runningman\debug\game.obj
c:\users\keaton macleod\desktop\coding folder\c++\runningman\runningman\debug\spritegroup.obj
c:\users\keaton macleod\desktop\coding folder\c++\runningman\runningman\debug\main.obj
c:\users\keaton macleod\desktop\coding folder\c++\runningman\runningman\debug\block.obj
c:\users\keaton macleod\desktop\coding folder\c++\runningman\runningman\debug\sprite.obj
c:\users\keaton macleod\desktop\coding folder\c++\runningman\runningman\debug\pillar.obj
c:\users\keaton macleod\desktop\coding folder\c++\runningman\runningman\debug\bottompillar.obj
c:\users\keaton macleod\desktop\coding folder\c++\runningman\runningman\debug\toppillar.obj
c:\users\keaton macleod\desktop\coding folder\c++\runningman\runningman\debug\gem.obj
c:\users\keaton macleod\desktop\coding folder\c++\runningman\runningman\debug\flame.obj
c:\users\keaton macleod\desktop\coding folder\c++\runningman\runningman\debug\scoredigit.obj
c:\users\keaton macleod\desktop\coding folder\c++\runningman\runningman\debug\fallingblock.obj
c:\users\keaton macleod\desktop\coding folder\c++\runningman\runningman\debug\arrow.obj
c:\users\keaton macleod\desktop\coding folder\c++\runningman\debug\runningman.ilk
c:\users\keaton macleod\desktop\coding folder\c++\runningman\debug\runningman.exe
c:\users\keaton macleod\desktop\coding folder\c++\runningman\debug\runningman.pdb
c:\users\keaton macleod\desktop\coding folder\c++\runningman\runningman\debug\game.obj.enc
c:\users\keaton macleod\desktop\coding folder\c++\runningman\runningman\debug\runningman.tlog\cl.command.1.tlog
c:\users\keaton macleod\desktop\coding folder\c++\runningman\runningman\debug\runningman.tlog\cl.read.1.tlog
c:\users\keaton macleod\desktop\coding folder\c++\runningman\runningman\debug\runningman.tlog\cl.write.1.tlog
c:\users\keaton macleod\desktop\coding folder\c++\runningman\runningman\debug\runningman.tlog\link.command.1.tlog
c:\users\keaton macleod\desktop\coding folder\c++\runningman\runningman\debug\runningman.tlog\link.read.1.tlog
c:\users\keaton macleod\desktop\coding folder\c++\runningman\runningman\debug\runningman.tlog\link.write.1.tlog
